\BOOKMARK [0][-]{chapter*.2}{\376\377\000B\000e\000v\000e\000z\000e\000t\000\351\000s}{}% 1
\BOOKMARK [0][-]{chapter.1}{\376\377\0001\000.\000\040\000A\000z\000\040\000a\000l\000a\000p\000o\000k}{}% 2
\BOOKMARK [1][-]{section.1.1}{\376\377\0001\000.\0001\000.\000\040\000S\000z\000a\000k\000i\000r\000o\000d\000a\000l\000o\000m}{chapter.1}% 3
\BOOKMARK [2][-]{subsection.1.1.1}{\376\377\0001\000.\0001\000.\0001\000.\000\040\000A\000\040\000t\000a\000n\000\341\000r\000a\000i\000m\000\040\000a\000j\000\341\000n\000l\000\341\000s\000a}{section.1.1}% 4
\BOOKMARK [1][-]{section.1.2}{\376\377\0001\000.\0002\000.\000\040\000D\000r\000a\000w\000.\000i\000o\000\040\000k\000\351\000p\000s\000z\000e\000r\000k\000e\000s\000z\000t\001\121}{chapter.1}% 5
\BOOKMARK [1][-]{section.1.3}{\376\377\0001\000.\0003\000.\000\040\000W\000o\000l\000f\000r\000a\000m\000A\000l\000p\000h\000a\000\040\000v\000\341\000l\000a\000s\000z\000\040\000m\000o\000t\000o\000r}{chapter.1}% 6
\BOOKMARK [2][-]{subsection.1.3.1}{\376\377\0001\000.\0003\000.\0001\000.\000\040\000H\000a\000s\000z\000n\000\341\000l\000a\000t\000a}{section.1.3}% 7
\BOOKMARK [1][-]{section.1.4}{\376\377\0001\000.\0004\000.\000\040\000A\000\040\000P\000y\000t\000h\000o\000n\000\040\000p\000r\000o\000g\000r\000a\000m\000o\000z\000\341\000s\000i\000\040\000n\000y\000e\000l\000v\000r\001\121\000l}{chapter.1}% 8
\BOOKMARK [0][-]{chapter.2}{\376\377\0002\000.\000\040\000K\000u\000t\000a\000t\000\341\000s}{}% 9
\BOOKMARK [1][-]{section.2.1}{\376\377\0002\000.\0001\000.\000\040\000F\000o\000r\000d\000\355\000t\000\341\000s\000b\000\363\000l\000\040\000h\000o\000z\000o\000t\000t\000\040\000i\000r\000o\000d\000a\000l\000o\000m\000:}{chapter.2}% 10
\BOOKMARK [2][-]{subsection.2.1.1}{\376\377\0002\000.\0001\000.\0001\000.\000\040\000F\000o\000g\000a\000l\000m\000a\000k}{section.2.1}% 11
\BOOKMARK [2][-]{subsection.2.1.2}{\376\377\0002\000.\0001\000.\0002\000.\000\040\000W\000e\000a\000k\000\040\000m\000o\000d\000e\000l\000l\000\040\000p\000\351\000l\000d\000a}{section.2.1}% 12
\BOOKMARK [1][-]{section.2.2}{\376\377\0002\000.\0002\000.\000\040\000K\000i\000t\000e\000r\000j\000e\000s\000z\000t\000e\000t\000t\000\040\000e\000r\001\121\000s\000\040\000m\000o\000d\000e\000l\000l}{chapter.2}% 13
\BOOKMARK [2][-]{subsection.2.2.1}{\376\377\0002\000.\0002\000.\0001\000.\000\040\000E\000l\000s\001\121\000\040\000p\000\351\000l\000d\000a}{section.2.2}% 14
\BOOKMARK [0][-]{chapter.3}{\376\377\0003\000.\000\040\000S\000z\000o\000f\000t\000v\000e\000r}{}% 15
\BOOKMARK [1][-]{section.3.1}{\376\377\0003\000.\0001\000.\000\040\000A\000m\000i\000b\001\121\000l\000\040\000k\000i\000i\000n\000d\000u\000l\000t\000a\000m}{chapter.3}% 16
\BOOKMARK [1][-]{section.3.2}{\376\377\0003\000.\0002\000.\000\040\000K\000i\000t\000e\000r\000j\000e\000s\000z\000t\000e\000t\000t\000\040\000e\000r\001\121\000s\000\040\000m\000o\000d\000e\000l\000l\000\040\000P\000y\000t\000h\000o\000n\000\040\000m\000e\000g\000o\000l\000d\000\341\000s\000a\000i}{chapter.3}% 17
\BOOKMARK [1][-]{section.3.3}{\376\377\0003\000.\0003\000.\000\040\000C\000\351\000l\000o\000k\000\040\000a\000\040\000j\000\366\000v\001\121\000b\000e\000n\000,\000\040\000t\000o\000v\000\341\000b\000b\000i\000\040\000l\000e\000h\000e\000t\001\121\000s\000\351\000g\000e\000k}{chapter.3}% 18
\BOOKMARK [0][-]{chapter*.3}{\376\377\000\326\000s\000s\000z\000e\000g\000z\000\351\000s}{}% 19
\BOOKMARK [0][-]{chapter*.5}{\376\377\000I\000r\000o\000d\000a\000l\000o\000m\000j\000e\000g\000y\000z\000\351\000k}{}% 20
